{"synthetic": false,
 "schemaVersion": "2025-09-10",
 "outputs":
 {"o": ["ba37447227870d2e.olean"],
  "i": "0d34d427cccc63d1.ilean",
  "c": "1c4ca1b9c1f209b6.c"},
 "log":
 [{"message":
   ".> LEAN_PATH=/home/max/projects/leaningIntoGroupTheory/.lake/build/lib/lean /nix/store/s3p0svmik34pmkmbjid405q2gc3sn2xn-lean4-4.29.1/bin/lean /home/max/projects/leaningIntoGroupTheory/LeaningIntoGroupTheory.lean -o /home/max/projects/leaningIntoGroupTheory/.lake/build/lib/lean/LeaningIntoGroupTheory.olean -i /home/max/projects/leaningIntoGroupTheory/.lake/build/lib/lean/LeaningIntoGroupTheory.ilean -c /home/max/projects/leaningIntoGroupTheory/.lake/build/ir/LeaningIntoGroupTheory.c --setup /home/max/projects/leaningIntoGroupTheory/.lake/build/ir/LeaningIntoGroupTheory.setup.json --json",
   "level": "trace"}],
 "inputs":
 [["LeaningIntoGroupTheory:deps",
   [["deps",
     [["leaningIntoGroupTheory/LeaningIntoGroupTheory:extraDep",
       [["@leaningIntoGroupTheory:extraDep", "00000000000006bb"]]],
      ["imports",
       [["LeaningIntoGroupTheory.Basic transitive imports (legacy)",
         "00000000000006bb"],
        ["LeaningIntoGroupTheory.Basic:importAllArts", "5d9677a45b64b512"]]]]],
    ["libs",
     [["import dynlibs", "00000000000006bb"],
      ["package external libraries", "00000000000006bb"],
      ["module dynlibs", "00000000000006bb"],
      ["module plugins", "00000000000006bb"]]]]],
  ["Lean 4.29.1, commit v4.29.1", "3d61e039494cc2df"],
  ["/home/max/projects/leaningIntoGroupTheory/LeaningIntoGroupTheory.lean",
   "b7b3a8848fde23cb"],
  ["options", "00000000000006bb"],
  ["isModule: false", "feefd2a0d3a1847e"],
  ["Module.name: LeaningIntoGroupTheory", "83c80333611a7a54"],
  ["Package.id?: (some leaningIntoGroupTheory)", "7c49bb65f39a7553"],
  ["Module.leanArgs: #[]", "00000000000006bb"]],
 "depHash": "20f9b20f826de168"}