{"synthetic": false,
 "schemaVersion": "2025-09-10",
 "outputs":
 {"o": ["d350ab7cf528261b.olean"],
  "i": "0f17ba37ca86ca1a.ilean",
  "c": "c3213326c5987826.c"},
 "log":
 [{"message":
   ".> LEAN_PATH=/home/max/projects/leaningIntoGroupTheory/.lake/build/lib/lean /nix/store/s3p0svmik34pmkmbjid405q2gc3sn2xn-lean4-4.29.1/bin/lean /home/max/projects/leaningIntoGroupTheory/Main.lean -o /home/max/projects/leaningIntoGroupTheory/.lake/build/lib/lean/Main.olean -i /home/max/projects/leaningIntoGroupTheory/.lake/build/lib/lean/Main.ilean -c /home/max/projects/leaningIntoGroupTheory/.lake/build/ir/Main.c --setup /home/max/projects/leaningIntoGroupTheory/.lake/build/ir/Main.setup.json --json",
   "level": "trace"}],
 "inputs":
 [["Main:deps",
   [["deps",
     [["leaningIntoGroupTheory/leaningintogrouptheory:extraDep",
       [["@leaningIntoGroupTheory:extraDep", "00000000000006bb"]]],
      ["imports",
       [["LeaningIntoGroupTheory transitive imports (legacy)",
         "554c2d396fb1ea89"],
        ["LeaningIntoGroupTheory:importAllArts", "eae70dcb967466fb"]]]]],
    ["libs",
     [["import dynlibs", "00000000000006bb"],
      ["package external libraries", "00000000000006bb"],
      ["module dynlibs", "00000000000006bb"],
      ["module plugins", "00000000000006bb"]]]]],
  ["Lean 4.29.1, commit v4.29.1", "3d61e039494cc2df"],
  ["/home/max/projects/leaningIntoGroupTheory/Main.lean", "9c49e088f7b2f19d"],
  ["options", "00000000000006bb"],
  ["isModule: false", "feefd2a0d3a1847e"],
  ["Module.name: Main", "f2a1fd945cf30c62"],
  ["Package.id?: (some leaningIntoGroupTheory)", "7c49bb65f39a7553"],
  ["Module.leanArgs: #[]", "00000000000006bb"]],
 "depHash": "ab5f7dfa38ffa29b"}